[10-Jun-2025 09:24:52 Europe/Berlin] PHP Warning:  mkdir(): Invalid path in C:\xampp\htdocs\SkillSwap\add_post.php on line 52
[10-Jun-2025 09:24:52 Europe/Berlin] Failed to create directory: 
[10-Jun-2025 09:25:32 Europe/Berlin] PHP Warning:  mkdir(): Invalid path in C:\xampp\htdocs\SkillSwap\add_post.php on line 52
[10-Jun-2025 09:25:32 Europe/Berlin] Failed to create directory: 
[10-Jun-2025 09:25:52 Europe/Berlin] PHP Warning:  mkdir(): Invalid path in C:\xampp\htdocs\SkillSwap\add_post.php on line 52
[10-Jun-2025 09:25:52 Europe/Berlin] Failed to create directory: 
[10-Jun-2025 09:28:32 Europe/Berlin] PHP Warning:  mkdir(): Invalid path in C:\xampp\htdocs\SkillSwap\add_post.php on line 52
[10-Jun-2025 09:28:32 Europe/Berlin] Failed to create directory: 
[10-Jun-2025 09:28:32 Europe/Berlin] Video upload failed. MIME: video/mp4
[10-Jun-2025 09:28:32 Europe/Berlin] Video size: 2107842
[10-Jun-2025 09:28:32 Europe/Berlin] Upload error code: 0
[10-Jun-2025 09:37:21 Europe/Berlin] PHP Warning:  mkdir(): Invalid path in C:\xampp\htdocs\SkillSwap\add_post.php on line 52
[10-Jun-2025 09:37:21 Europe/Berlin] Failed to create directory: 
[10-Jun-2025 09:37:21 Europe/Berlin] Video upload failed. MIME: video/mp4
[10-Jun-2025 09:37:21 Europe/Berlin] Video size: 2107842
[10-Jun-2025 09:37:21 Europe/Berlin] Upload error code: 0
[10-Jun-2025 09:44:51 Europe/Berlin] PHP Warning:  mkdir(): Invalid path in C:\xampp\htdocs\SkillSwap\add_post.php on line 52
[10-Jun-2025 09:44:51 Europe/Berlin] Failed to create directory: 
[10-Jun-2025 09:44:51 Europe/Berlin] Video upload failed. MIME: video/mp4
[10-Jun-2025 09:44:51 Europe/Berlin] Video size: 2107842
[10-Jun-2025 09:44:51 Europe/Berlin] Upload error code: 0
[10-Jun-2025 09:49:38 Europe/Berlin] PHP Warning:  mkdir(): Invalid path in C:\xampp\htdocs\SkillSwap\add_post.php on line 55
[10-Jun-2025 09:49:38 Europe/Berlin] Failed to create directory: 
[10-Jun-2025 09:49:38 Europe/Berlin] Video upload failed. MIME: video/mp4
[10-Jun-2025 09:49:38 Europe/Berlin] Video size: 2107842
[10-Jun-2025 09:49:38 Europe/Berlin] Upload error code: 0
[10-Jun-2025 09:50:33 Europe/Berlin] PHP Warning:  mkdir(): Invalid path in C:\xampp\htdocs\SkillSwap\add_post.php on line 55
[10-Jun-2025 09:50:33 Europe/Berlin] Failed to create directory: 
[10-Jun-2025 09:50:33 Europe/Berlin] Video upload failed. MIME: video/mp4
[10-Jun-2025 09:50:33 Europe/Berlin] Video size: 2107842
[10-Jun-2025 09:50:33 Europe/Berlin] Upload error code: 0
[10-Jun-2025 09:50:34 Europe/Berlin] PHP Warning:  mkdir(): Invalid path in C:\xampp\htdocs\SkillSwap\add_post.php on line 55
[10-Jun-2025 09:50:34 Europe/Berlin] Failed to create directory: 
[10-Jun-2025 09:50:34 Europe/Berlin] Video upload failed. MIME: video/mp4
[10-Jun-2025 09:50:34 Europe/Berlin] Video size: 2107842
[10-Jun-2025 09:50:34 Europe/Berlin] Upload error code: 0
[10-Jun-2025 09:50:34 Europe/Berlin] PHP Warning:  mkdir(): Invalid path in C:\xampp\htdocs\SkillSwap\add_post.php on line 55
[10-Jun-2025 09:50:34 Europe/Berlin] Failed to create directory: 
[10-Jun-2025 09:50:34 Europe/Berlin] Video upload failed. MIME: video/mp4
[10-Jun-2025 09:50:34 Europe/Berlin] Video size: 2107842
[10-Jun-2025 09:50:34 Europe/Berlin] Upload error code: 0
[10-Jun-2025 09:50:34 Europe/Berlin] PHP Warning:  mkdir(): Invalid path in C:\xampp\htdocs\SkillSwap\add_post.php on line 55
[10-Jun-2025 09:50:34 Europe/Berlin] Failed to create directory: 
[10-Jun-2025 09:50:34 Europe/Berlin] Video upload failed. MIME: video/mp4
[10-Jun-2025 09:50:34 Europe/Berlin] Video size: 2107842
[10-Jun-2025 09:50:34 Europe/Berlin] Upload error code: 0
[10-Jun-2025 09:50:35 Europe/Berlin] PHP Warning:  mkdir(): Invalid path in C:\xampp\htdocs\SkillSwap\add_post.php on line 55
[10-Jun-2025 09:50:35 Europe/Berlin] Failed to create directory: 
[10-Jun-2025 09:50:35 Europe/Berlin] Video upload failed. MIME: video/mp4
[10-Jun-2025 09:50:35 Europe/Berlin] Video size: 2107842
[10-Jun-2025 09:50:35 Europe/Berlin] Upload error code: 0
[10-Jun-2025 09:50:35 Europe/Berlin] PHP Warning:  mkdir(): Invalid path in C:\xampp\htdocs\SkillSwap\add_post.php on line 55
[10-Jun-2025 09:50:35 Europe/Berlin] Failed to create directory: 
[10-Jun-2025 09:50:35 Europe/Berlin] Video upload failed. MIME: video/mp4
[10-Jun-2025 09:50:35 Europe/Berlin] Video size: 2107842
[10-Jun-2025 09:50:35 Europe/Berlin] Upload error code: 0
[10-Jun-2025 09:50:35 Europe/Berlin] PHP Warning:  mkdir(): Invalid path in C:\xampp\htdocs\SkillSwap\add_post.php on line 55
[10-Jun-2025 09:50:35 Europe/Berlin] Failed to create directory: 
[10-Jun-2025 09:50:35 Europe/Berlin] Video upload failed. MIME: video/mp4
[10-Jun-2025 09:50:35 Europe/Berlin] Video size: 2107842
[10-Jun-2025 09:50:35 Europe/Berlin] Upload error code: 0
[10-Jun-2025 09:50:35 Europe/Berlin] PHP Warning:  mkdir(): Invalid path in C:\xampp\htdocs\SkillSwap\add_post.php on line 55
[10-Jun-2025 09:50:35 Europe/Berlin] Failed to create directory: 
[10-Jun-2025 09:50:35 Europe/Berlin] Video upload failed. MIME: video/mp4
[10-Jun-2025 09:50:35 Europe/Berlin] Video size: 2107842
[10-Jun-2025 09:50:35 Europe/Berlin] Upload error code: 0
[10-Jun-2025 09:50:35 Europe/Berlin] PHP Warning:  mkdir(): Invalid path in C:\xampp\htdocs\SkillSwap\add_post.php on line 55
[10-Jun-2025 09:50:35 Europe/Berlin] Failed to create directory: 
[10-Jun-2025 09:50:35 Europe/Berlin] Video upload failed. MIME: video/mp4
[10-Jun-2025 09:50:35 Europe/Berlin] Video size: 2107842
[10-Jun-2025 09:50:35 Europe/Berlin] Upload error code: 0
[10-Jun-2025 09:50:36 Europe/Berlin] PHP Warning:  mkdir(): Invalid path in C:\xampp\htdocs\SkillSwap\add_post.php on line 55
[10-Jun-2025 09:50:36 Europe/Berlin] Failed to create directory: 
[10-Jun-2025 09:50:36 Europe/Berlin] Video upload failed. MIME: video/mp4
[10-Jun-2025 09:50:36 Europe/Berlin] Video size: 2107842
[10-Jun-2025 09:50:36 Europe/Berlin] Upload error code: 0
[10-Jun-2025 09:50:36 Europe/Berlin] PHP Warning:  mkdir(): Invalid path in C:\xampp\htdocs\SkillSwap\add_post.php on line 55
[10-Jun-2025 09:50:36 Europe/Berlin] Failed to create directory: 
[10-Jun-2025 09:50:36 Europe/Berlin] Video upload failed. MIME: video/mp4
[10-Jun-2025 09:50:36 Europe/Berlin] Video size: 2107842
[10-Jun-2025 09:50:36 Europe/Berlin] Upload error code: 0
[10-Jun-2025 09:50:36 Europe/Berlin] PHP Warning:  mkdir(): Invalid path in C:\xampp\htdocs\SkillSwap\add_post.php on line 55
[10-Jun-2025 09:50:36 Europe/Berlin] Failed to create directory: 
[10-Jun-2025 09:50:36 Europe/Berlin] Video upload failed. MIME: video/mp4
[10-Jun-2025 09:50:36 Europe/Berlin] Video size: 2107842
[10-Jun-2025 09:50:36 Europe/Berlin] Upload error code: 0
[10-Jun-2025 09:50:36 Europe/Berlin] PHP Warning:  mkdir(): Invalid path in C:\xampp\htdocs\SkillSwap\add_post.php on line 55
[10-Jun-2025 09:50:36 Europe/Berlin] Failed to create directory: 
[10-Jun-2025 09:50:36 Europe/Berlin] Video upload failed. MIME: video/mp4
[10-Jun-2025 09:50:36 Europe/Berlin] Video size: 2107842
[10-Jun-2025 09:50:36 Europe/Berlin] Upload error code: 0
[10-Jun-2025 09:50:37 Europe/Berlin] PHP Warning:  mkdir(): Invalid path in C:\xampp\htdocs\SkillSwap\add_post.php on line 55
[10-Jun-2025 09:50:37 Europe/Berlin] Failed to create directory: 
[10-Jun-2025 09:50:37 Europe/Berlin] Video upload failed. MIME: video/mp4
[10-Jun-2025 09:50:37 Europe/Berlin] Video size: 2107842
[10-Jun-2025 09:50:37 Europe/Berlin] Upload error code: 0
[10-Jun-2025 09:50:37 Europe/Berlin] PHP Warning:  mkdir(): Invalid path in C:\xampp\htdocs\SkillSwap\add_post.php on line 55
[10-Jun-2025 09:50:37 Europe/Berlin] Failed to create directory: 
[10-Jun-2025 09:50:37 Europe/Berlin] Video upload failed. MIME: video/mp4
[10-Jun-2025 09:50:37 Europe/Berlin] Video size: 2107842
[10-Jun-2025 09:50:37 Europe/Berlin] Upload error code: 0
[10-Jun-2025 09:50:37 Europe/Berlin] PHP Warning:  mkdir(): Invalid path in C:\xampp\htdocs\SkillSwap\add_post.php on line 55
[10-Jun-2025 09:50:37 Europe/Berlin] Failed to create directory: 
[10-Jun-2025 09:50:37 Europe/Berlin] Video upload failed. MIME: video/mp4
[10-Jun-2025 09:50:37 Europe/Berlin] Video size: 2107842
[10-Jun-2025 09:50:37 Europe/Berlin] Upload error code: 0
[10-Jun-2025 09:50:37 Europe/Berlin] PHP Warning:  mkdir(): Invalid path in C:\xampp\htdocs\SkillSwap\add_post.php on line 55
[10-Jun-2025 09:50:37 Europe/Berlin] Failed to create directory: 
[10-Jun-2025 09:50:37 Europe/Berlin] Video upload failed. MIME: video/mp4
[10-Jun-2025 09:50:37 Europe/Berlin] Video size: 2107842
[10-Jun-2025 09:50:37 Europe/Berlin] Upload error code: 0
[10-Jun-2025 09:50:37 Europe/Berlin] PHP Warning:  mkdir(): Invalid path in C:\xampp\htdocs\SkillSwap\add_post.php on line 55
[10-Jun-2025 09:50:37 Europe/Berlin] Failed to create directory: 
[10-Jun-2025 09:50:37 Europe/Berlin] Video upload failed. MIME: video/mp4
[10-Jun-2025 09:50:37 Europe/Berlin] Video size: 2107842
[10-Jun-2025 09:50:38 Europe/Berlin] Upload error code: 0
[10-Jun-2025 09:50:38 Europe/Berlin] PHP Warning:  mkdir(): Invalid path in C:\xampp\htdocs\SkillSwap\add_post.php on line 55
[10-Jun-2025 09:50:38 Europe/Berlin] Failed to create directory: 
[10-Jun-2025 09:50:38 Europe/Berlin] Video upload failed. MIME: video/mp4
[10-Jun-2025 09:50:38 Europe/Berlin] Video size: 2107842
[10-Jun-2025 09:50:38 Europe/Berlin] Upload error code: 0
[10-Jun-2025 09:50:38 Europe/Berlin] PHP Warning:  mkdir(): Invalid path in C:\xampp\htdocs\SkillSwap\add_post.php on line 55
[10-Jun-2025 09:50:38 Europe/Berlin] Failed to create directory: 
[10-Jun-2025 09:50:38 Europe/Berlin] Video upload failed. MIME: video/mp4
[10-Jun-2025 09:50:38 Europe/Berlin] Video size: 2107842
[10-Jun-2025 09:50:38 Europe/Berlin] Upload error code: 0
[10-Jun-2025 09:50:38 Europe/Berlin] PHP Warning:  mkdir(): Invalid path in C:\xampp\htdocs\SkillSwap\add_post.php on line 55
[10-Jun-2025 09:50:38 Europe/Berlin] Failed to create directory: 
[10-Jun-2025 09:50:38 Europe/Berlin] Video upload failed. MIME: video/mp4
[10-Jun-2025 09:50:38 Europe/Berlin] Video size: 2107842
[10-Jun-2025 09:50:38 Europe/Berlin] Upload error code: 0
[10-Jun-2025 09:50:38 Europe/Berlin] PHP Warning:  mkdir(): Invalid path in C:\xampp\htdocs\SkillSwap\add_post.php on line 55
[10-Jun-2025 09:50:38 Europe/Berlin] Failed to create directory: 
[10-Jun-2025 09:50:38 Europe/Berlin] Video upload failed. MIME: video/mp4
[10-Jun-2025 09:50:38 Europe/Berlin] Video size: 2107842
[10-Jun-2025 09:50:38 Europe/Berlin] Upload error code: 0
[10-Jun-2025 09:50:39 Europe/Berlin] PHP Warning:  mkdir(): Invalid path in C:\xampp\htdocs\SkillSwap\add_post.php on line 55
[10-Jun-2025 09:50:39 Europe/Berlin] Failed to create directory: 
[10-Jun-2025 09:50:39 Europe/Berlin] Video upload failed. MIME: video/mp4
[10-Jun-2025 09:50:39 Europe/Berlin] Video size: 2107842
[10-Jun-2025 09:50:39 Europe/Berlin] Upload error code: 0
[10-Jun-2025 09:50:39 Europe/Berlin] PHP Warning:  mkdir(): Invalid path in C:\xampp\htdocs\SkillSwap\add_post.php on line 55
[10-Jun-2025 09:50:39 Europe/Berlin] Failed to create directory: 
[10-Jun-2025 09:50:39 Europe/Berlin] Video upload failed. MIME: video/mp4
[10-Jun-2025 09:50:39 Europe/Berlin] Video size: 2107842
[10-Jun-2025 09:50:39 Europe/Berlin] Upload error code: 0
[10-Jun-2025 09:50:39 Europe/Berlin] PHP Warning:  mkdir(): Invalid path in C:\xampp\htdocs\SkillSwap\add_post.php on line 55
[10-Jun-2025 09:50:39 Europe/Berlin] Failed to create directory: 
[10-Jun-2025 09:50:39 Europe/Berlin] Video upload failed. MIME: video/mp4
[10-Jun-2025 09:50:39 Europe/Berlin] Video size: 2107842
[10-Jun-2025 09:50:39 Europe/Berlin] Upload error code: 0
[10-Jun-2025 09:50:39 Europe/Berlin] PHP Warning:  mkdir(): Invalid path in C:\xampp\htdocs\SkillSwap\add_post.php on line 55
[10-Jun-2025 09:50:39 Europe/Berlin] Failed to create directory: 
[10-Jun-2025 09:50:39 Europe/Berlin] Video upload failed. MIME: video/mp4
[10-Jun-2025 09:50:39 Europe/Berlin] Video size: 2107842
[10-Jun-2025 09:50:39 Europe/Berlin] Upload error code: 0
[10-Jun-2025 09:50:39 Europe/Berlin] PHP Warning:  mkdir(): Invalid path in C:\xampp\htdocs\SkillSwap\add_post.php on line 55
[10-Jun-2025 09:50:39 Europe/Berlin] Failed to create directory: 
[10-Jun-2025 09:50:39 Europe/Berlin] Video upload failed. MIME: video/mp4
[10-Jun-2025 09:50:39 Europe/Berlin] Video size: 2107842
[10-Jun-2025 09:50:39 Europe/Berlin] Upload error code: 0
[10-Jun-2025 09:50:40 Europe/Berlin] PHP Warning:  mkdir(): Invalid path in C:\xampp\htdocs\SkillSwap\add_post.php on line 55
[10-Jun-2025 09:50:40 Europe/Berlin] Failed to create directory: 
[10-Jun-2025 09:50:40 Europe/Berlin] Video upload failed. MIME: video/mp4
[10-Jun-2025 09:50:40 Europe/Berlin] Video size: 2107842
[10-Jun-2025 09:50:40 Europe/Berlin] Upload error code: 0
[10-Jun-2025 09:50:40 Europe/Berlin] PHP Warning:  mkdir(): Invalid path in C:\xampp\htdocs\SkillSwap\add_post.php on line 55
[10-Jun-2025 09:50:40 Europe/Berlin] Failed to create directory: 
[10-Jun-2025 09:50:40 Europe/Berlin] Video upload failed. MIME: video/mp4
[10-Jun-2025 09:50:40 Europe/Berlin] Video size: 2107842
[10-Jun-2025 09:50:40 Europe/Berlin] Upload error code: 0
[10-Jun-2025 09:50:40 Europe/Berlin] PHP Warning:  mkdir(): Invalid path in C:\xampp\htdocs\SkillSwap\add_post.php on line 55
[10-Jun-2025 09:50:40 Europe/Berlin] Failed to create directory: 
[10-Jun-2025 09:50:40 Europe/Berlin] Video upload failed. MIME: video/mp4
[10-Jun-2025 09:50:40 Europe/Berlin] Video size: 2107842
[10-Jun-2025 09:50:40 Europe/Berlin] Upload error code: 0
[10-Jun-2025 09:50:40 Europe/Berlin] PHP Warning:  mkdir(): Invalid path in C:\xampp\htdocs\SkillSwap\add_post.php on line 55
[10-Jun-2025 09:50:40 Europe/Berlin] Failed to create directory: 
[10-Jun-2025 09:50:40 Europe/Berlin] Video upload failed. MIME: video/mp4
[10-Jun-2025 09:50:40 Europe/Berlin] Video size: 2107842
[10-Jun-2025 09:50:40 Europe/Berlin] Upload error code: 0
[10-Jun-2025 09:50:40 Europe/Berlin] PHP Warning:  mkdir(): Invalid path in C:\xampp\htdocs\SkillSwap\add_post.php on line 55
[10-Jun-2025 09:50:40 Europe/Berlin] Failed to create directory: 
[10-Jun-2025 09:50:40 Europe/Berlin] Video upload failed. MIME: video/mp4
[10-Jun-2025 09:50:40 Europe/Berlin] Video size: 2107842
[10-Jun-2025 09:50:40 Europe/Berlin] Upload error code: 0
[10-Jun-2025 09:50:41 Europe/Berlin] PHP Warning:  mkdir(): Invalid path in C:\xampp\htdocs\SkillSwap\add_post.php on line 55
[10-Jun-2025 09:50:41 Europe/Berlin] Failed to create directory: 
[10-Jun-2025 09:50:41 Europe/Berlin] Video upload failed. MIME: video/mp4
[10-Jun-2025 09:50:41 Europe/Berlin] Video size: 2107842
[10-Jun-2025 09:50:41 Europe/Berlin] Upload error code: 0
[10-Jun-2025 09:50:41 Europe/Berlin] PHP Warning:  mkdir(): Invalid path in C:\xampp\htdocs\SkillSwap\add_post.php on line 55
[10-Jun-2025 09:50:41 Europe/Berlin] Failed to create directory: 
[10-Jun-2025 09:50:41 Europe/Berlin] Video upload failed. MIME: video/mp4
[10-Jun-2025 09:50:41 Europe/Berlin] Video size: 2107842
[10-Jun-2025 09:50:41 Europe/Berlin] Upload error code: 0
[10-Jun-2025 09:50:41 Europe/Berlin] PHP Warning:  mkdir(): Invalid path in C:\xampp\htdocs\SkillSwap\add_post.php on line 55
[10-Jun-2025 09:50:41 Europe/Berlin] Failed to create directory: 
[10-Jun-2025 09:50:41 Europe/Berlin] Video upload failed. MIME: video/mp4
[10-Jun-2025 09:50:41 Europe/Berlin] Video size: 2107842
[10-Jun-2025 09:50:41 Europe/Berlin] Upload error code: 0
